<?xml version="1.0" encoding="UTF-8" ?>
<testsuite tests="6" failures="0" name="TestEmployee" time="0.414" errors="0" skipped="0">
  <properties>
[...]
</properties>
  <testcase classname="TestEmployee" name="deleteEmployee" time="0.037"/>
  <testcase classname="TestEmployee" name="getAllEmployees" time="0.206"/>
  <testcase classname="TestEmployee" name="getEmployeeById" time="0.001"/>
  <testcase classname="TestEmployee" name="getEmployeesByLastName" time="0.097"/>
  <testcase classname="TestEmployee" name="insertNewEmployee" time="0.062"/>
  <testcase classname="TestEmployee" name="updateEmployee" time="0.011"/>
</testsuite>