<?xml version="1.0" encoding="UTF-8"?>
<testng-results ignored="0" total="6" passed="6" failed="0" skipped="0">
  <reporter-output>
  </reporter-output>
  <suite started-at="2022-10-27T11:33:25 COT" name="TestEmployee" finished-at="2022-10-27T11:33:25 COT" duration-ms="443">
    <groups>
    </groups>
    <test started-at="2022-10-27T11:33:25 COT" name="Command line test" finished-at="2022-10-27T11:33:25 COT" duration-ms="443">
      <class name="TestEmployee">
        <test-method signature="deleteEmployee()[pri:0, instance:TestEmployee@261bd7b]" started-at="2022-10-27T11:33:25 COT" name="deleteEmployee" finished-at="2022-10-27T11:33:25 COT" duration-ms="35" status="PASS">
          <reporter-output>
          </reporter-output>
        </test-method> <!-- deleteEmployee -->
        <test-method signature="getAllEmployees()[pri:0, instance:TestEmployee@261bd7b]" started-at="2022-10-27T11:33:25 COT" name="getAllEmployees" finished-at="2022-10-27T11:33:25 COT" duration-ms="203" status="PASS">
          <reporter-output>
          </reporter-output>
        </test-method> <!-- getAllEmployees -->
        <test-method signature="getEmployeeById()[pri:0, instance:TestEmployee@261bd7b]" started-at="2022-10-27T11:33:25 COT" name="getEmployeeById" finished-at="2022-10-27T11:33:25 COT" duration-ms="2" status="PASS">
          <reporter-output>
          </reporter-output>
        </test-method> <!-- getEmployeeById -->
        <test-method signature="getEmployeesByLastName()[pri:0, instance:TestEmployee@261bd7b]" started-at="2022-10-27T11:33:25 COT" name="getEmployeesByLastName" finished-at="2022-10-27T11:33:25 COT" duration-ms="99" status="PASS">
          <reporter-output>
          </reporter-output>
        </test-method> <!-- getEmployeesByLastName -->
        <test-method signature="insertNewEmployee()[pri:0, instance:TestEmployee@261bd7b]" started-at="2022-10-27T11:33:25 COT" name="insertNewEmployee" finished-at="2022-10-27T11:33:25 COT" duration-ms="61" status="PASS">
          <reporter-output>
          </reporter-output>
        </test-method> <!-- insertNewEmployee -->
        <test-method signature="updateEmployee()[pri:0, instance:TestEmployee@261bd7b]" started-at="2022-10-27T11:33:25 COT" name="updateEmployee" finished-at="2022-10-27T11:33:25 COT" duration-ms="11" status="PASS">
          <reporter-output>
          </reporter-output>
        </test-method> <!-- updateEmployee -->
      </class> <!-- TestEmployee -->
    </test> <!-- Command line test -->
  </suite> <!-- TestEmployee -->
</testng-results>
