<?xml version="1.0" encoding="UTF-8"?>
<!-- Generated by org.testng.reporters.JUnitXMLReporter -->
<testsuite ignored="0" hostname="EN911444" failures="0" tests="6" name="Command line test" time="0.443" errors="0" timestamp="2022-10-27T11:33:25 COT">
  <testcase classname="TestEmployee" name="deleteEmployee" time="0.035"/>
  <testcase classname="TestEmployee" name="getAllEmployees" time="0.203"/>
  <testcase classname="TestEmployee" name="getEmployeeById" time="0.002"/>
  <testcase classname="TestEmployee" name="getEmployeesByLastName" time="0.099"/>
  <testcase classname="TestEmployee" name="insertNewEmployee" time="0.061"/>
  <testcase classname="TestEmployee" name="updateEmployee" time="0.011"/>
</testsuite> <!-- Command line test -->
